13:02:25.833 [main] ERROR o.s.boot.SpringApplication - Application run failed
org.springframework.boot.context.config.InvalidConfigDataPropertyException: Property 'spring.profiles' imported from location 'class path resource [application.yml]' is invalid and should be replaced with 'spring.config.activate.on-profile' [origin: class path resource [application.yml] - 3:5]
	at org.springframework.boot.context.config.InvalidConfigDataPropertyException.lambda$throwIfPropertyFound$0(InvalidConfigDataPropertyException.java:113)
	at java.base/java.util.LinkedHashMap.forEach(LinkedHashMap.java:986)
	at java.base/java.util.Collections$UnmodifiableMap.forEach(Collections.java:1707)
	at org.springframework.boot.context.config.InvalidConfigDataPropertyException.throwIfPropertyFound(InvalidConfigDataPropertyException.java:109)
	at org.springframework.boot.context.config.ConfigDataEnvironment.checkForInvalidProperties(ConfigDataEnvironment.java:367)
	at org.springframework.boot.context.config.ConfigDataEnvironment.applyToEnvironment(ConfigDataEnvironment.java:331)
	at org.springframework.boot.context.config.ConfigDataEnvironment.processAndApply(ConfigDataEnvironment.java:238)
	at org.springframework.boot.context.config.ConfigDataEnvironmentPostProcessor.postProcessEnvironment(ConfigDataEnvironmentPostProcessor.java:96)
	at org.springframework.boot.context.config.ConfigDataEnvironmentPostProcessor.postProcessEnvironment(ConfigDataEnvironmentPostProcessor.java:89)
	at org.springframework.boot.env.EnvironmentPostProcessorApplicationListener.onApplicationEnvironmentPreparedEvent(EnvironmentPostProcessorApplicationListener.java:132)
	at org.springframework.boot.env.EnvironmentPostProcessorApplicationListener.onApplicationEvent(EnvironmentPostProcessorApplicationListener.java:115)
	at org.springframework.context.event.SimpleApplicationEventMulticaster.doInvokeListener(SimpleApplicationEventMulticaster.java:185)
	at org.springframework.context.event.SimpleApplicationEventMulticaster.invokeListener(SimpleApplicationEventMulticaster.java:178)
	at org.springframework.context.event.SimpleApplicationEventMulticaster.multicastEvent(SimpleApplicationEventMulticaster.java:156)
	at org.springframework.context.event.SimpleApplicationEventMulticaster.multicastEvent(SimpleApplicationEventMulticaster.java:138)
	at org.springframework.boot.context.event.EventPublishingRunListener.multicastInitialEvent(EventPublishingRunListener.java:136)
	at org.springframework.boot.context.event.EventPublishingRunListener.environmentPrepared(EventPublishingRunListener.java:81)
	at org.springframework.boot.SpringApplicationRunListeners.lambda$environmentPrepared$2(SpringApplicationRunListeners.java:64)
	at java.base/java.lang.Iterable.forEach(Iterable.java:75)
	at org.springframework.boot.SpringApplicationRunListeners.doWithListeners(SpringApplicationRunListeners.java:118)
	at org.springframework.boot.SpringApplicationRunListeners.doWithListeners(SpringApplicationRunListeners.java:112)
	at org.springframework.boot.SpringApplicationRunListeners.environmentPrepared(SpringApplicationRunListeners.java:63)
	at org.springframework.boot.SpringApplication.prepareEnvironment(SpringApplication.java:353)
	at org.springframework.boot.SpringApplication.run(SpringApplication.java:313)
	at org.springframework.boot.SpringApplication.run(SpringApplication.java:1362)
	at org.springframework.boot.SpringApplication.run(SpringApplication.java:1351)
	at net.engineeringdigest.journalApp.JournalAppApplication.main(JournalAppApplication.java:16)
13:03:03.158 [main] INFO  n.e.journalApp.JournalAppApplication - Starting JournalAppApplication using Java 21.0.5 with PID 22880 (D:\journalApp\journalApp\target\classes started by DELL in D:\journalApp)
13:03:03.163 [main] INFO  n.e.journalApp.JournalAppApplication - No active profile set, falling back to 1 default profile: "default"
13:03:04.647 [main] INFO  o.s.d.r.c.RepositoryConfigurationDelegate - Bootstrapping Spring Data MongoDB repositories in DEFAULT mode.
13:03:04.805 [main] INFO  o.s.d.r.c.RepositoryConfigurationDelegate - Finished Spring Data repository scanning in 140 ms. Found 2 MongoDB repository interfaces.
13:03:05.945 [main] INFO  o.s.b.w.e.tomcat.TomcatWebServer - Tomcat initialized with port 8080 (http)
13:03:05.993 [main] INFO  o.a.coyote.http11.Http11NioProtocol - Initializing ProtocolHandler ["http-nio-8080"]
13:03:05.997 [main] INFO  o.a.catalina.core.StandardService - Starting service [Tomcat]
13:03:05.997 [main] INFO  o.a.catalina.core.StandardEngine - Starting Servlet engine: [Apache Tomcat/10.1.40]
13:03:06.101 [main] INFO  o.a.c.c.C.[Tomcat].[localhost].[/] - Initializing Spring embedded WebApplicationContext
13:03:06.103 [main] INFO  o.s.b.w.s.c.ServletWebServerApplicationContext - Root WebApplicationContext: initialization completed in 2815 ms
13:03:06.672 [cluster-ClusterId{value='68566032dbdcb962da3b1a27', description='Mytrial'}-srv-mytrial.3k90eb2.mongodb.net] INFO  org.mongodb.driver.cluster - Adding discovered server ac-7cifv9b-shard-00-02.3k90eb2.mongodb.net:27017 to client view of cluster
13:03:06.750 [main] INFO  org.mongodb.driver.client - MongoClient with metadata {"application": {"name": "Mytrial"}, "driver": {"name": "mongo-java-driver|sync|spring-boot", "version": "5.2.1"}, "os": {"type": "Windows", "name": "Windows 11", "architecture": "amd64", "version": "10.0"}, "platform": "Java/Oracle Corporation/21.0.5+9-LTS-239"} created with settings MongoClientSettings{readPreference=primary, writeConcern=WriteConcern{w=majority, wTimeout=null ms, journal=null}, retryWrites=true, retryReads=true, readConcern=ReadConcern{level=null}, credential=MongoCredential{mechanism=null, userName='lingampellisrinivas3036', source='admin', password=<hidden>, mechanismProperties=<hidden>}, transportSettings=null, commandListeners=[], codecRegistry=ProvidersCodecRegistry{codecProviders=[ValueCodecProvider{}, BsonValueCodecProvider{}, DBRefCodecProvider{}, DBObjectCodecProvider{}, DocumentCodecProvider{}, CollectionCodecProvider{}, IterableCodecProvider{}, MapCodecProvider{}, GeoJsonCodecProvider{}, GridFSFileCodecProvider{}, Jsr310CodecProvider{}, JsonObjectCodecProvider{}, BsonCodecProvider{}, EnumCodecProvider{}, com.mongodb.client.model.mql.ExpressionCodecProvider@75d366c2, com.mongodb.Jep395RecordCodecProvider@8f40022, com.mongodb.KotlinCodecProvider@5232e3f1]}, loggerSettings=LoggerSettings{maxDocumentLength=1000}, clusterSettings={hosts=[127.0.0.1:27017], srvHost=mytrial.3k90eb2.mongodb.net, srvServiceName=mongodb, mode=MULTIPLE, requiredClusterType=REPLICA_SET, requiredReplicaSetName='atlas-n9634w-shard-0', serverSelector='null', clusterListeners='[]', serverSelectionTimeout='30000 ms', localThreshold='15 ms'}, socketSettings=SocketSettings{connectTimeoutMS=10000, readTimeoutMS=0, receiveBufferSize=0, proxySettings=ProxySettings{host=null, port=null, username=null, password=null}}, heartbeatSocketSettings=SocketSettings{connectTimeoutMS=10000, readTimeoutMS=10000, receiveBufferSize=0, proxySettings=ProxySettings{host=null, port=null, username=null, password=null}}, connectionPoolSettings=ConnectionPoolSettings{maxSize=100, minSize=0, maxWaitTimeMS=120000, maxConnectionLifeTimeMS=0, maxConnectionIdleTimeMS=0, maintenanceInitialDelayMS=0, maintenanceFrequencyMS=60000, connectionPoolListeners=[], maxConnecting=2}, serverSettings=ServerSettings{heartbeatFrequencyMS=10000, minHeartbeatFrequencyMS=500, serverMonitoringMode=AUTO, serverListeners='[]', serverMonitorListeners='[]'}, sslSettings=SslSettings{enabled=true, invalidHostNameAllowed=false, context=null}, applicationName='Mytrial', compressorList=[], uuidRepresentation=JAVA_LEGACY, serverApi=null, autoEncryptionSettings=null, dnsClient=null, inetAddressResolver=null, contextProvider=null, timeoutMS=null}
13:03:06.762 [cluster-ClusterId{value='68566032dbdcb962da3b1a27', description='Mytrial'}-srv-mytrial.3k90eb2.mongodb.net] INFO  org.mongodb.driver.cluster - Adding discovered server ac-7cifv9b-shard-00-00.3k90eb2.mongodb.net:27017 to client view of cluster
13:03:06.769 [cluster-ClusterId{value='68566032dbdcb962da3b1a27', description='Mytrial'}-srv-mytrial.3k90eb2.mongodb.net] INFO  org.mongodb.driver.cluster - Adding discovered server ac-7cifv9b-shard-00-01.3k90eb2.mongodb.net:27017 to client view of cluster
13:03:08.074 [cluster-ClusterId{value='68566032dbdcb962da3b1a27', description='Mytrial'}-ac-7cifv9b-shard-00-00.3k90eb2.mongodb.net:27017] INFO  org.mongodb.driver.cluster - Monitor thread successfully connected to server with description ServerDescription{address=ac-7cifv9b-shard-00-00.3k90eb2.mongodb.net:27017, type=REPLICA_SET_SECONDARY, cryptd=false, state=CONNECTED, ok=true, minWireVersion=0, maxWireVersion=25, maxDocumentSize=16777216, logicalSessionTimeoutMinutes=30, roundTripTimeNanos=689288000, minRoundTripTimeNanos=0, setName='atlas-n9634w-shard-0', canonicalAddress=ac-7cifv9b-shard-00-00.3k90eb2.mongodb.net:27017, hosts=[ac-7cifv9b-shard-00-02.3k90eb2.mongodb.net:27017, ac-7cifv9b-shard-00-01.3k90eb2.mongodb.net:27017, ac-7cifv9b-shard-00-00.3k90eb2.mongodb.net:27017], passives=[], arbiters=[], primary='ac-7cifv9b-shard-00-02.3k90eb2.mongodb.net:27017', tagSet=TagSet{[Tag{name='availabilityZone', value='aps1-az1'}, Tag{name='diskState', value='READY'}, Tag{name='nodeType', value='ELECTABLE'}, Tag{name='provider', value='AWS'}, Tag{name='region', value='AP_SOUTH_1'}, Tag{name='workloadType', value='OPERATIONAL'}]}, electionId=null, setVersion=284, topologyVersion=TopologyVersion{processId=6851bf6444a457ee11d0d634, counter=4}, lastWriteDate=Sat Jun 21 13:03:07 IST 2025, lastUpdateTimeNanos=827296644485500}
13:03:08.074 [cluster-ClusterId{value='68566032dbdcb962da3b1a27', description='Mytrial'}-ac-7cifv9b-shard-00-01.3k90eb2.mongodb.net:27017] INFO  org.mongodb.driver.cluster - Monitor thread successfully connected to server with description ServerDescription{address=ac-7cifv9b-shard-00-01.3k90eb2.mongodb.net:27017, type=REPLICA_SET_SECONDARY, cryptd=false, state=CONNECTED, ok=true, minWireVersion=0, maxWireVersion=25, maxDocumentSize=16777216, logicalSessionTimeoutMinutes=30, roundTripTimeNanos=689344300, minRoundTripTimeNanos=0, setName='atlas-n9634w-shard-0', canonicalAddress=ac-7cifv9b-shard-00-01.3k90eb2.mongodb.net:27017, hosts=[ac-7cifv9b-shard-00-02.3k90eb2.mongodb.net:27017, ac-7cifv9b-shard-00-01.3k90eb2.mongodb.net:27017, ac-7cifv9b-shard-00-00.3k90eb2.mongodb.net:27017], passives=[], arbiters=[], primary='ac-7cifv9b-shard-00-02.3k90eb2.mongodb.net:27017', tagSet=TagSet{[Tag{name='availabilityZone', value='aps1-az3'}, Tag{name='diskState', value='READY'}, Tag{name='nodeType', value='ELECTABLE'}, Tag{name='provider', value='AWS'}, Tag{name='region', value='AP_SOUTH_1'}, Tag{name='workloadType', value='OPERATIONAL'}]}, electionId=null, setVersion=284, topologyVersion=TopologyVersion{processId=6851c418455c977c86054c40, counter=3}, lastWriteDate=Sat Jun 21 13:03:07 IST 2025, lastUpdateTimeNanos=827296644485700}
13:03:08.090 [cluster-ClusterId{value='68566032dbdcb962da3b1a27', description='Mytrial'}-ac-7cifv9b-shard-00-02.3k90eb2.mongodb.net:27017] INFO  org.mongodb.driver.cluster - Monitor thread successfully connected to server with description ServerDescription{address=ac-7cifv9b-shard-00-02.3k90eb2.mongodb.net:27017, type=REPLICA_SET_PRIMARY, cryptd=false, state=CONNECTED, ok=true, minWireVersion=0, maxWireVersion=25, maxDocumentSize=16777216, logicalSessionTimeoutMinutes=30, roundTripTimeNanos=720065900, minRoundTripTimeNanos=0, setName='atlas-n9634w-shard-0', canonicalAddress=ac-7cifv9b-shard-00-02.3k90eb2.mongodb.net:27017, hosts=[ac-7cifv9b-shard-00-02.3k90eb2.mongodb.net:27017, ac-7cifv9b-shard-00-01.3k90eb2.mongodb.net:27017, ac-7cifv9b-shard-00-00.3k90eb2.mongodb.net:27017], passives=[], arbiters=[], primary='ac-7cifv9b-shard-00-02.3k90eb2.mongodb.net:27017', tagSet=TagSet{[Tag{name='availabilityZone', value='aps1-az2'}, Tag{name='diskState', value='READY'}, Tag{name='nodeType', value='ELECTABLE'}, Tag{name='provider', value='AWS'}, Tag{name='region', value='AP_SOUTH_1'}, Tag{name='workloadType', value='OPERATIONAL'}]}, electionId=7fffffff0000000000000103, setVersion=284, topologyVersion=TopologyVersion{processId=6851c1c1e16b0d713c1b511e, counter=6}, lastWriteDate=Sat Jun 21 13:03:07 IST 2025, lastUpdateTimeNanos=827296675201500}
13:03:08.091 [cluster-ClusterId{value='68566032dbdcb962da3b1a27', description='Mytrial'}-ac-7cifv9b-shard-00-02.3k90eb2.mongodb.net:27017] INFO  org.mongodb.driver.cluster - Discovered replica set primary ac-7cifv9b-shard-00-02.3k90eb2.mongodb.net:27017 with max election id 7fffffff0000000000000103 and max set version 284
13:03:08.147 [main] INFO  o.s.s.c.a.a.c.InitializeAuthenticationProviderBeanManagerConfigurer$InitializeAuthenticationProviderManagerConfigurer - Global AuthenticationManager configured with AuthenticationProvider bean with name authenticationProvider
13:03:08.148 [main] WARN  o.s.s.c.a.a.c.InitializeUserDetailsBeanManagerConfigurer$InitializeUserDetailsManagerConfigurer - Global AuthenticationManager configured with an AuthenticationProvider bean. UserDetailsService beans will not be used by Spring Security for automatically configuring username/password login. Consider removing the AuthenticationProvider bean. Alternatively, consider using the UserDetailsService in a manually instantiated DaoAuthenticationProvider. If the current configuration is intentional, to turn off this warning, increase the logging level of 'org.springframework.security.config.annotation.authentication.configuration.InitializeUserDetailsBeanManagerConfigurer' to ERROR
13:03:09.356 [main] INFO  o.a.coyote.http11.Http11NioProtocol - Starting ProtocolHandler ["http-nio-8080"]
13:03:09.391 [main] INFO  o.s.b.w.e.tomcat.TomcatWebServer - Tomcat started on port 8080 (http) with context path '/'
13:03:09.404 [main] INFO  n.e.journalApp.JournalAppApplication - Started JournalAppApplication in 7.016 seconds (process running for 8.014)
13:03:54.814 [http-nio-8080-exec-2] INFO  o.a.c.c.C.[Tomcat].[localhost].[/] - Initializing Spring DispatcherServlet 'dispatcherServlet'
13:03:54.815 [http-nio-8080-exec-2] INFO  o.s.web.servlet.DispatcherServlet - Initializing Servlet 'dispatcherServlet'
13:03:54.818 [http-nio-8080-exec-2] INFO  o.s.web.servlet.DispatcherServlet - Completed initialization in 3 ms
13:03:55.694 [http-nio-8080-exec-2] ERROR n.e.journalApp.Service.UserService - Error occured for ram :
13:03:55.696 [http-nio-8080-exec-2] INFO  n.e.journalApp.Service.UserService - haaha INfo
13:03:55.696 [http-nio-8080-exec-2] WARN  n.e.journalApp.Service.UserService - haaha INfo
13:03:55.697 [http-nio-8080-exec-2] ERROR n.e.journalApp.Service.UserService - haaha INfo
13:06:15.193 [SpringApplicationShutdownHook] INFO  o.s.b.w.e.tomcat.GracefulShutdown - Commencing graceful shutdown. Waiting for active requests to complete
13:06:15.205 [tomcat-shutdown] INFO  o.s.b.w.e.tomcat.GracefulShutdown - Graceful shutdown complete
25-06-21 13:06:35.551 [main] INFO  n.e.journalApp.JournalAppApplication - Starting JournalAppApplication using Java 21.0.5 with PID 9672 (D:\journalApp\journalApp\target\classes started by DELL in D:\journalApp)
25-06-21 13:06:35.556 [main] INFO  n.e.journalApp.JournalAppApplication - No active profile set, falling back to 1 default profile: "default"
25-06-21 13:06:37.129 [main] INFO  o.s.d.r.c.RepositoryConfigurationDelegate - Bootstrapping Spring Data MongoDB repositories in DEFAULT mode.
25-06-21 13:06:37.237 [main] INFO  o.s.d.r.c.RepositoryConfigurationDelegate - Finished Spring Data repository scanning in 93 ms. Found 2 MongoDB repository interfaces.
25-06-21 13:06:38.395 [main] INFO  o.s.b.w.e.tomcat.TomcatWebServer - Tomcat initialized with port 8080 (http)
25-06-21 13:06:38.416 [main] INFO  o.a.coyote.http11.Http11NioProtocol - Initializing ProtocolHandler ["http-nio-8080"]
25-06-21 13:06:38.428 [main] INFO  o.a.catalina.core.StandardService - Starting service [Tomcat]
25-06-21 13:06:38.429 [main] INFO  o.a.catalina.core.StandardEngine - Starting Servlet engine: [Apache Tomcat/10.1.40]
25-06-21 13:06:38.559 [main] INFO  o.a.c.c.C.[Tomcat].[localhost].[/] - Initializing Spring embedded WebApplicationContext
25-06-21 13:06:38.562 [main] INFO  o.s.b.w.s.c.ServletWebServerApplicationContext - Root WebApplicationContext: initialization completed in 2859 ms
25-06-21 13:06:39.128 [cluster-ClusterId{value='685661073ececa032400bb3c', description='Mytrial'}-srv-mytrial.3k90eb2.mongodb.net] INFO  org.mongodb.driver.cluster - Adding discovered server ac-7cifv9b-shard-00-02.3k90eb2.mongodb.net:27017 to client view of cluster
25-06-21 13:06:39.181 [main] INFO  org.mongodb.driver.client - MongoClient with metadata {"application": {"name": "Mytrial"}, "driver": {"name": "mongo-java-driver|sync|spring-boot", "version": "5.2.1"}, "os": {"type": "Windows", "name": "Windows 11", "architecture": "amd64", "version": "10.0"}, "platform": "Java/Oracle Corporation/21.0.5+9-LTS-239"} created with settings MongoClientSettings{readPreference=primary, writeConcern=WriteConcern{w=majority, wTimeout=null ms, journal=null}, retryWrites=true, retryReads=true, readConcern=ReadConcern{level=null}, credential=MongoCredential{mechanism=null, userName='lingampellisrinivas3036', source='admin', password=<hidden>, mechanismProperties=<hidden>}, transportSettings=null, commandListeners=[], codecRegistry=ProvidersCodecRegistry{codecProviders=[ValueCodecProvider{}, BsonValueCodecProvider{}, DBRefCodecProvider{}, DBObjectCodecProvider{}, DocumentCodecProvider{}, CollectionCodecProvider{}, IterableCodecProvider{}, MapCodecProvider{}, GeoJsonCodecProvider{}, GridFSFileCodecProvider{}, Jsr310CodecProvider{}, JsonObjectCodecProvider{}, BsonCodecProvider{}, EnumCodecProvider{}, com.mongodb.client.model.mql.ExpressionCodecProvider@31e739bf, com.mongodb.Jep395RecordCodecProvider@29079032, com.mongodb.KotlinCodecProvider@7e7743ec]}, loggerSettings=LoggerSettings{maxDocumentLength=1000}, clusterSettings={hosts=[127.0.0.1:27017], srvHost=mytrial.3k90eb2.mongodb.net, srvServiceName=mongodb, mode=MULTIPLE, requiredClusterType=REPLICA_SET, requiredReplicaSetName='atlas-n9634w-shard-0', serverSelector='null', clusterListeners='[]', serverSelectionTimeout='30000 ms', localThreshold='15 ms'}, socketSettings=SocketSettings{connectTimeoutMS=10000, readTimeoutMS=0, receiveBufferSize=0, proxySettings=ProxySettings{host=null, port=null, username=null, password=null}}, heartbeatSocketSettings=SocketSettings{connectTimeoutMS=10000, readTimeoutMS=10000, receiveBufferSize=0, proxySettings=ProxySettings{host=null, port=null, username=null, password=null}}, connectionPoolSettings=ConnectionPoolSettings{maxSize=100, minSize=0, maxWaitTimeMS=120000, maxConnectionLifeTimeMS=0, maxConnectionIdleTimeMS=0, maintenanceInitialDelayMS=0, maintenanceFrequencyMS=60000, connectionPoolListeners=[], maxConnecting=2}, serverSettings=ServerSettings{heartbeatFrequencyMS=10000, minHeartbeatFrequencyMS=500, serverMonitoringMode=AUTO, serverListeners='[]', serverMonitorListeners='[]'}, sslSettings=SslSettings{enabled=true, invalidHostNameAllowed=false, context=null}, applicationName='Mytrial', compressorList=[], uuidRepresentation=JAVA_LEGACY, serverApi=null, autoEncryptionSettings=null, dnsClient=null, inetAddressResolver=null, contextProvider=null, timeoutMS=null}
25-06-21 13:06:39.197 [cluster-ClusterId{value='685661073ececa032400bb3c', description='Mytrial'}-srv-mytrial.3k90eb2.mongodb.net] INFO  org.mongodb.driver.cluster - Adding discovered server ac-7cifv9b-shard-00-00.3k90eb2.mongodb.net:27017 to client view of cluster
25-06-21 13:06:39.205 [cluster-ClusterId{value='685661073ececa032400bb3c', description='Mytrial'}-srv-mytrial.3k90eb2.mongodb.net] INFO  org.mongodb.driver.cluster - Adding discovered server ac-7cifv9b-shard-00-01.3k90eb2.mongodb.net:27017 to client view of cluster
25-06-21 13:06:40.208 [cluster-ClusterId{value='685661073ececa032400bb3c', description='Mytrial'}-ac-7cifv9b-shard-00-02.3k90eb2.mongodb.net:27017] INFO  org.mongodb.driver.cluster - Monitor thread successfully connected to server with description ServerDescription{address=ac-7cifv9b-shard-00-02.3k90eb2.mongodb.net:27017, type=REPLICA_SET_PRIMARY, cryptd=false, state=CONNECTED, ok=true, minWireVersion=0, maxWireVersion=25, maxDocumentSize=16777216, logicalSessionTimeoutMinutes=30, roundTripTimeNanos=566805500, minRoundTripTimeNanos=0, setName='atlas-n9634w-shard-0', canonicalAddress=ac-7cifv9b-shard-00-02.3k90eb2.mongodb.net:27017, hosts=[ac-7cifv9b-shard-00-02.3k90eb2.mongodb.net:27017, ac-7cifv9b-shard-00-01.3k90eb2.mongodb.net:27017, ac-7cifv9b-shard-00-00.3k90eb2.mongodb.net:27017], passives=[], arbiters=[], primary='ac-7cifv9b-shard-00-02.3k90eb2.mongodb.net:27017', tagSet=TagSet{[Tag{name='availabilityZone', value='aps1-az2'}, Tag{name='diskState', value='READY'}, Tag{name='nodeType', value='ELECTABLE'}, Tag{name='provider', value='AWS'}, Tag{name='region', value='AP_SOUTH_1'}, Tag{name='workloadType', value='OPERATIONAL'}]}, electionId=7fffffff0000000000000103, setVersion=284, topologyVersion=TopologyVersion{processId=6851c1c1e16b0d713c1b511e, counter=6}, lastWriteDate=Sat Jun 21 13:06:40 IST 2025, lastUpdateTimeNanos=827508783290700}
25-06-21 13:06:40.208 [cluster-ClusterId{value='685661073ececa032400bb3c', description='Mytrial'}-ac-7cifv9b-shard-00-01.3k90eb2.mongodb.net:27017] INFO  org.mongodb.driver.cluster - Monitor thread successfully connected to server with description ServerDescription{address=ac-7cifv9b-shard-00-01.3k90eb2.mongodb.net:27017, type=REPLICA_SET_SECONDARY, cryptd=false, state=CONNECTED, ok=true, minWireVersion=0, maxWireVersion=25, maxDocumentSize=16777216, logicalSessionTimeoutMinutes=30, roundTripTimeNanos=566805600, minRoundTripTimeNanos=0, setName='atlas-n9634w-shard-0', canonicalAddress=ac-7cifv9b-shard-00-01.3k90eb2.mongodb.net:27017, hosts=[ac-7cifv9b-shard-00-02.3k90eb2.mongodb.net:27017, ac-7cifv9b-shard-00-01.3k90eb2.mongodb.net:27017, ac-7cifv9b-shard-00-00.3k90eb2.mongodb.net:27017], passives=[], arbiters=[], primary='ac-7cifv9b-shard-00-02.3k90eb2.mongodb.net:27017', tagSet=TagSet{[Tag{name='availabilityZone', value='aps1-az3'}, Tag{name='diskState', value='READY'}, Tag{name='nodeType', value='ELECTABLE'}, Tag{name='provider', value='AWS'}, Tag{name='region', value='AP_SOUTH_1'}, Tag{name='workloadType', value='OPERATIONAL'}]}, electionId=null, setVersion=284, topologyVersion=TopologyVersion{processId=6851c418455c977c86054c40, counter=3}, lastWriteDate=Sat Jun 21 13:06:40 IST 2025, lastUpdateTimeNanos=827508783290800}
25-06-21 13:06:40.211 [cluster-ClusterId{value='685661073ececa032400bb3c', description='Mytrial'}-ac-7cifv9b-shard-00-00.3k90eb2.mongodb.net:27017] INFO  org.mongodb.driver.cluster - Monitor thread successfully connected to server with description ServerDescription{address=ac-7cifv9b-shard-00-00.3k90eb2.mongodb.net:27017, type=REPLICA_SET_SECONDARY, cryptd=false, state=CONNECTED, ok=true, minWireVersion=0, maxWireVersion=25, maxDocumentSize=16777216, logicalSessionTimeoutMinutes=30, roundTripTimeNanos=556229900, minRoundTripTimeNanos=0, setName='atlas-n9634w-shard-0', canonicalAddress=ac-7cifv9b-shard-00-00.3k90eb2.mongodb.net:27017, hosts=[ac-7cifv9b-shard-00-02.3k90eb2.mongodb.net:27017, ac-7cifv9b-shard-00-01.3k90eb2.mongodb.net:27017, ac-7cifv9b-shard-00-00.3k90eb2.mongodb.net:27017], passives=[], arbiters=[], primary='ac-7cifv9b-shard-00-02.3k90eb2.mongodb.net:27017', tagSet=TagSet{[Tag{name='availabilityZone', value='aps1-az1'}, Tag{name='diskState', value='READY'}, Tag{name='nodeType', value='ELECTABLE'}, Tag{name='provider', value='AWS'}, Tag{name='region', value='AP_SOUTH_1'}, Tag{name='workloadType', value='OPERATIONAL'}]}, electionId=null, setVersion=284, topologyVersion=TopologyVersion{processId=6851bf6444a457ee11d0d634, counter=4}, lastWriteDate=Sat Jun 21 13:06:40 IST 2025, lastUpdateTimeNanos=827508783290800}
25-06-21 13:06:40.218 [cluster-ClusterId{value='685661073ececa032400bb3c', description='Mytrial'}-ac-7cifv9b-shard-00-02.3k90eb2.mongodb.net:27017] INFO  org.mongodb.driver.cluster - Discovered replica set primary ac-7cifv9b-shard-00-02.3k90eb2.mongodb.net:27017 with max election id 7fffffff0000000000000103 and max set version 284
25-06-21 13:06:40.527 [main] INFO  o.s.s.c.a.a.c.InitializeAuthenticationProviderBeanManagerConfigurer$InitializeAuthenticationProviderManagerConfigurer - Global AuthenticationManager configured with AuthenticationProvider bean with name authenticationProvider
25-06-21 13:06:40.528 [main] WARN  o.s.s.c.a.a.c.InitializeUserDetailsBeanManagerConfigurer$InitializeUserDetailsManagerConfigurer - Global AuthenticationManager configured with an AuthenticationProvider bean. UserDetailsService beans will not be used by Spring Security for automatically configuring username/password login. Consider removing the AuthenticationProvider bean. Alternatively, consider using the UserDetailsService in a manually instantiated DaoAuthenticationProvider. If the current configuration is intentional, to turn off this warning, increase the logging level of 'org.springframework.security.config.annotation.authentication.configuration.InitializeUserDetailsBeanManagerConfigurer' to ERROR
25-06-21 13:06:41.531 [main] INFO  o.a.coyote.http11.Http11NioProtocol - Starting ProtocolHandler ["http-nio-8080"]
25-06-21 13:06:41.556 [main] INFO  o.s.b.w.e.tomcat.TomcatWebServer - Tomcat started on port 8080 (http) with context path '/'
25-06-21 13:06:41.571 [main] INFO  n.e.journalApp.JournalAppApplication - Started JournalAppApplication in 6.807 seconds (process running for 7.76)
25-06-21 13:07:03.269 [http-nio-8080-exec-2] INFO  o.a.c.c.C.[Tomcat].[localhost].[/] - Initializing Spring DispatcherServlet 'dispatcherServlet'
25-06-21 13:07:03.270 [http-nio-8080-exec-2] INFO  o.s.web.servlet.DispatcherServlet - Initializing Servlet 'dispatcherServlet'
25-06-21 13:07:03.273 [http-nio-8080-exec-2] INFO  o.s.web.servlet.DispatcherServlet - Completed initialization in 3 ms
25-06-21 13:07:04.946 [http-nio-8080-exec-2] ERROR n.e.journalApp.Service.UserService - Error occured for ram :
25-06-21 13:07:05.014 [http-nio-8080-exec-2] INFO  n.e.journalApp.Service.UserService - haaha INfo
25-06-21 13:07:05.014 [http-nio-8080-exec-2] WARN  n.e.journalApp.Service.UserService - haaha INfo
25-06-21 13:07:05.014 [http-nio-8080-exec-2] ERROR n.e.journalApp.Service.UserService - haaha INfo
25-06-21 13:14:14.422 [SpringApplicationShutdownHook] INFO  o.s.b.w.e.tomcat.GracefulShutdown - Commencing graceful shutdown. Waiting for active requests to complete
25-06-21 13:14:14.445 [tomcat-shutdown] INFO  o.s.b.w.e.tomcat.GracefulShutdown - Graceful shutdown complete
